socketclient/app/build/outputs/logs/manifest-merger-ctyon-debug-report.txt
-- Merging decision tree log ---
meta-data#CHANNEL
INJECTED from src/main/AndroidManifest.xml:42:5-44:44
	android:value
		INJECTED from src/main/AndroidManifest.xml
		ADDED from src/main/AndroidManifest.xml:44:9-41
	android:name
		ADDED from src/main/AndroidManifest.xml:43:9-31
manifest
ADDED from src/main/AndroidManifest.xml:2:1-110:12
INJECTED from src/main/AndroidManifest.xml:2:1-110:12
INJECTED from src/main/AndroidManifest.xml:2:1-110:12
INJECTED from src/main/AndroidManifest.xml:2:1-110:12
MERGED from [:location] AndroidManifest.xml:2:1-40:12
MERGED from [com.github.hss01248:NotifyUtil:1.0.1] AndroidManifest.xml:2:1-17:12
MERGED from [:wxchat] AndroidManifest.xml:2:1-42:12
MERGED from [:common] AndroidManifest.xml:2:1-11:12
MERGED from [com.sdsmdg.tastytoast:tastytoast:0.1.1] AndroidManifest.xml:2:1-14:12
MERGED from [:socket] AndroidManifest.xml:2:1-11:12
MERGED from [:voice] AndroidManifest.xml:2:1-15:12
MERGED from [:phone] AndroidManifest.xml:2:1-25:12
MERGED from [:camera] AndroidManifest.xml:2:1-46:12
MERGED from [:global] AndroidManifest.xml:2:1-11:12
MERGED from [com.android.support:design:26.1.0] AndroidManifest.xml:17:1-31:12
MERGED from [com.android.support:appcompat-v7:26.1.0] AndroidManifest.xml:17:1-31:12
MERGED from [com.android.support.constraint:constraint-layout:1.0.2] AndroidManifest.xml:2:1-11:12
MERGED from [com.android.support:recyclerview-v7:26.1.0] AndroidManifest.xml:17:1-28:12
MERGED from [com.jakewharton:butterknife:8.8.1] AndroidManifest.xml:2:1-7:12
MERGED from [:bugly_crashreport_upgrade-1.3.4:] AndroidManifest.xml:2:1-207:12
MERGED from [:LibMarsdaemon:] AndroidManifest.xml:2:1-17:12
MERGED from [io.reactivex.rxjava2:rxandroid:2.0.2] AndroidManifest.xml:15:1-21:12
MERGED from [android.arch.persistence.room:rxjava2:1.0.0] AndroidManifest.xml:17:1-24:12
MERGED from [com.snappydb:snappydb-lib:0.5.2] AndroidManifest.xml:2:1-13:12
MERGED from [com.android.support:transition:26.1.0] AndroidManifest.xml:17:1-28:12
MERGED from [com.android.support:support-v4:26.1.0] AndroidManifest.xml:17:1-31:12
MERGED from [android.arch.lifecycle:extensions:1.0.0] AndroidManifest.xml:17:1-32:12
MERGED from [com.android.support:support-fragment:26.1.0] AndroidManifest.xml:17:1-31:12
MERGED from [com.android.support:animated-vector-drawable:26.1.0] AndroidManifest.xml:17:1-28:12
MERGED from [com.android.support:support-core-ui:26.1.0] AndroidManifest.xml:17:1-31:12
MERGED from [com.android.support:support-media-compat:26.1.0] AndroidManifest.xml:17:1-31:12
MERGED from [android.arch.persistence.room:runtime:1.0.0] AndroidManifest.xml:17:1-24:12
MERGED from [com.android.support:support-core-utils:26.1.0] AndroidManifest.xml:17:1-31:12
MERGED from [android.arch.persistence:db-framework:1.0.0] AndroidManifest.xml:17:1-24:12
MERGED from [android.arch.persistence:db:1.0.0] AndroidManifest.xml:17:1-24:12
MERGED from [android.arch.core:runtime:1.0.0] AndroidManifest.xml:17:1-24:12
MERGED from [com.android.support:support-vector-drawable:26.1.0] AndroidManifest.xml:17:1-28:12
MERGED from [com.android.support:support-compat:26.1.0] AndroidManifest.xml:17:1-31:12
MERGED from [android.arch.lifecycle:runtime:1.0.3] AndroidManifest.xml:17:1-24:12
MERGED from [com.lzy.net:okserver:2.0.5] AndroidManifest.xml:17:1-27:12
MERGED from [com.lzy.net:okgo:3.0.4] AndroidManifest.xml:17:1-31:12
INJECTED from src/main/AndroidManifest.xml:2:1-110:12
INJECTED from src/main/AndroidManifest.xml:2:1-110:12
INJECTED from src/main/AndroidManifest.xml:2:1-110:12
	package
		ADDED from src/main/AndroidManifest.xml:4:5-37
		INJECTED from src/main/AndroidManifest.xml
		INJECTED from src/main/AndroidManifest.xml
	android:sharedUserId
		ADDED from src/main/AndroidManifest.xml:5:5-46
	android:versionName
		INJECTED from src/main/AndroidManifest.xml
		ADDED from src/main/AndroidManifest.xml:2:1-110:12
		INJECTED from src/main/AndroidManifest.xml
	xmlns:tools
		ADDED from src/main/AndroidManifest.xml:3:5-51
	android:versionCode
		INJECTED from src/main/AndroidManifest.xml
		ADDED from src/main/AndroidManifest.xml:2:1-110:12
		INJECTED from src/main/AndroidManifest.xml
	xmlns:android
		ADDED from src/main/AndroidManifest.xml:2:11-69
uses-permission#android.permission.READ_PHONE_STATE
ADDED from src/main/AndroidManifest.xml:7:5-75
MERGED from [:location] AndroidManifest.xml:23:5-75
MERGED from [:location] AndroidManifest.xml:23:5-75
MERGED from [:phone] AndroidManifest.xml:12:5-75
MERGED from [:phone] AndroidManifest.xml:12:5-75
MERGED from [:bugly_crashreport_upgrade-1.3.4:] AndroidManifest.xml:11:5-75
MERGED from [:bugly_crashreport_upgrade-1.3.4:] AndroidManifest.xml:11:5-75
	android:name
		ADDED from src/main/AndroidManifest.xml:7:22-72
uses-permission#android.permission.INTERNET
ADDED from src/main/AndroidManifest.xml:8:5-67
MERGED from [:location] AndroidManifest.xml:21:5-67
MERGED from [:location] AndroidManifest.xml:21:5-67
MERGED from [:socket] AndroidManifest.xml:8:5-67
MERGED from [:socket] AndroidManifest.xml:8:5-67
MERGED from [:bugly_crashreport_upgrade-1.3.4:] AndroidManifest.xml:12:5-67
MERGED from [:bugly_crashreport_upgrade-1.3.4:] AndroidManifest.xml:12:5-67
MERGED from [com.lzy.net:okgo:3.0.4] AndroidManifest.xml:26:5-67
MERGED from [com.lzy.net:okgo:3.0.4] AndroidManifest.xml:26:5-67
	android:name
		ADDED from src/main/AndroidManifest.xml:8:22-64
uses-permission#android.permission.ACCESS_NETWORK_STATE
ADDED from src/main/AndroidManifest.xml:9:5-79
MERGED from [:location] AndroidManifest.xml:15:5-79
MERGED from [:location] AndroidManifest.xml:15:5-79
MERGED from [:socket] AndroidManifest.xml:9:5-79
MERGED from [:socket] AndroidManifest.xml:9:5-79
MERGED from [:bugly_crashreport_upgrade-1.3.4:] AndroidManifest.xml:13:5-79
MERGED from [:bugly_crashreport_upgrade-1.3.4:] AndroidManifest.xml:13:5-79
	android:name
		ADDED from src/main/AndroidManifest.xml:9:22-76
uses-permission#android.permission.ACCESS_WIFI_STATE
ADDED from src/main/AndroidManifest.xml:10:5-76
MERGED from [:location] AndroidManifest.xml:17:5-76
MERGED from [:location] AndroidManifest.xml:17:5-76
MERGED from [:bugly_crashreport_upgrade-1.3.4:] AndroidManifest.xml:14:5-76
MERGED from [:bugly_crashreport_upgrade-1.3.4:] AndroidManifest.xml:14:5-76
	android:name
		ADDED from src/main/AndroidManifest.xml:10:22-73
uses-permission#android.permission.READ_LOGS
ADDED from src/main/AndroidManifest.xml:11:5-68
MERGED from [:bugly_crashreport_upgrade-1.3.4:] AndroidManifest.xml:15:5-68
MERGED from [:bugly_crashreport_upgrade-1.3.4:] AndroidManifest.xml:15:5-68
	android:name
		ADDED from src/main/AndroidManifest.xml:11:22-65
uses-permission#android.permission.WRITE_EXTERNAL_STORAGE
ADDED from src/main/AndroidManifest.xml:12:5-81
MERGED from [:location] AndroidManifest.xml:25:5-81
MERGED from [:location] AndroidManifest.xml:25:5-81
MERGED from [:wxchat] AndroidManifest.xml:11:5-81
MERGED from [:wxchat] AndroidManifest.xml:11:5-81
MERGED from [:voice] AndroidManifest.xml:12:5-81
MERGED from [:voice] AndroidManifest.xml:12:5-81
MERGED from [:camera] AndroidManifest.xml:13:5-81
MERGED from [:camera] AndroidManifest.xml:13:5-81
MERGED from [:bugly_crashreport_upgrade-1.3.4:] AndroidManifest.xml:16:5-81
MERGED from [:bugly_crashreport_upgrade-1.3.4:] AndroidManifest.xml:16:5-81
MERGED from [com.lzy.net:okgo:3.0.4] AndroidManifest.xml:28:5-81
MERGED from [com.lzy.net:okgo:3.0.4] AndroidManifest.xml:28:5-81
	android:name
		ADDED from src/main/AndroidManifest.xml:12:22-78
uses-permission#android.permission.REQUEST_INSTALL_PACKAGES
ADDED from src/main/AndroidManifest.xml:13:5-83
	android:name
		ADDED from src/main/AndroidManifest.xml:13:22-80
uses-permission#android.permission.MOUNT_UNMOUNT_FILESYSTEMS
ADDED from src/main/AndroidManifest.xml:14:5-84
MERGED from [com.lzy.net:okgo:3.0.4] AndroidManifest.xml:29:5-84
MERGED from [com.lzy.net:okgo:3.0.4] AndroidManifest.xml:29:5-84
	android:name
		ADDED from src/main/AndroidManifest.xml:14:22-81
uses-permission#android.permission.READ_EXTERNAL_STORAGE
ADDED from src/main/AndroidManifest.xml:15:5-80
MERGED from [:voice] AndroidManifest.xml:13:5-80
MERGED from [:voice] AndroidManifest.xml:13:5-80
MERGED from [com.lzy.net:okgo:3.0.4] AndroidManifest.xml:27:5-80
MERGED from [com.lzy.net:okgo:3.0.4] AndroidManifest.xml:27:5-80
	android:name
		ADDED from src/main/AndroidManifest.xml:15:22-77
uses-permission#android.permission.RECORD_AUDIO
ADDED from src/main/AndroidManifest.xml:16:5-71
MERGED from [:voice] AndroidManifest.xml:11:5-71
MERGED from [:voice] AndroidManifest.xml:11:5-71
	android:name
		ADDED from src/main/AndroidManifest.xml:16:22-68
uses-permission#android.permission.RECEIVE_BOOT_COMPLETED
ADDED from src/main/AndroidManifest.xml:17:5-81
	android:name
		ADDED from src/main/AndroidManifest.xml:17:22-78
uses-permission#android.permission.WRITE_SETTINGS
ADDED from src/main/AndroidManifest.xml:18:5-73
MERGED from [:phone] AndroidManifest.xml:15:5-73
MERGED from [:phone] AndroidManifest.xml:15:5-73
MERGED from [:camera] AndroidManifest.xml:20:5-73
MERGED from [:camera] AndroidManifest.xml:20:5-73
	android:name
		ADDED from src/main/AndroidManifest.xml:18:22-70
uses-permission#android.permission.READ_SETTINGS
ADDED from src/main/AndroidManifest.xml:19:5-72
MERGED from [:camera] AndroidManifest.xml:21:5-72
MERGED from [:camera] AndroidManifest.xml:21:5-72
	android:name
		ADDED from src/main/AndroidManifest.xml:19:22-69
uses-permission#android.permission.WRITE_CONTACTS
ADDED from src/main/AndroidManifest.xml:20:5-73
MERGED from [:phone] AndroidManifest.xml:19:5-73
MERGED from [:phone] AndroidManifest.xml:19:5-73
	android:name
		ADDED from src/main/AndroidManifest.xml:20:22-70
uses-permission#android.permission.READ_CONTACTS
ADDED from src/main/AndroidManifest.xml:21:5-72
MERGED from [:phone] AndroidManifest.xml:14:5-72
MERGED from [:phone] AndroidManifest.xml:14:5-72
	android:name
		ADDED from src/main/AndroidManifest.xml:21:22-69
uses-permission#android.permission.SET_TIME_ZONE
ADDED from src/main/AndroidManifest.xml:22:5-72
	android:name
		ADDED from src/main/AndroidManifest.xml:22:22-69
uses-permission#android.permission.ACCESS_NOTIFICATION_POLICY
ADDED from src/main/AndroidManifest.xml:23:5-85
	android:name
		ADDED from src/main/AndroidManifest.xml:23:22-82
uses-permission#android.permission.GET_TASKS
ADDED from src/main/AndroidManifest.xml:24:5-67
	android:name
		ADDED from src/main/AndroidManifest.xml:24:22-65
uses-permission#android.permission.ACCESS_FINE_LOCATION
ADDED from src/main/AndroidManifest.xml:25:5-78
MERGED from [:location] AndroidManifest.xml:13:5-79
MERGED from [:location] AndroidManifest.xml:13:5-79
	android:name
		ADDED from src/main/AndroidManifest.xml:25:22-76
uses-permission#android.permission.ACCESS_COARSE_LOCATION
ADDED from src/main/AndroidManifest.xml:26:5-80
MERGED from [:location] AndroidManifest.xml:11:5-81
MERGED from [:location] AndroidManifest.xml:11:5-81
MERGED from [:phone] AndroidManifest.xml:11:5-81
MERGED from [:phone] AndroidManifest.xml:11:5-81
	android:name
		ADDED from src/main/AndroidManifest.xml:26:22-78
uses-permission#android.permission.WRITE_SECURE_SETTINGS
ADDED from src/main/AndroidManifest.xml:27:5-80
	tools:ignore
		ADDED from src/main/AndroidManifest.xml:40:9-44
	android:name
		ADDED from src/main/AndroidManifest.xml:27:22-77
uses-permission#android.permission.CHANGE_WIFI_STATE
ADDED from src/main/AndroidManifest.xml:29:5-75
MERGED from [:location] AndroidManifest.xml:19:5-76
MERGED from [:location] AndroidManifest.xml:19:5-76
	android:name
		ADDED from src/main/AndroidManifest.xml:29:22-73
uses-permission#android.permission.CHANGE_WIFI_MULTICAST_STATE
ADDED from src/main/AndroidManifest.xml:30:5-85
	android:name
		ADDED from src/main/AndroidManifest.xml:30:22-83
uses-permission#android.permission.DISABLE_KEYGUARD
ADDED from src/main/AndroidManifest.xml:31:5-75
	android:name
		ADDED from src/main/AndroidManifest.xml:31:22-72
uses-permission#android.permission.WAKE_LOCK
ADDED from src/main/AndroidManifest.xml:32:5-68
	android:name
		ADDED from src/main/AndroidManifest.xml:32:22-65
uses-permission#android.permission.SHUTDOWN
ADDED from src/main/AndroidManifest.xml:35:5-37:47
	tools:ignore
		ADDED from src/main/AndroidManifest.xml:37:9-44
	android:name
		ADDED from src/main/AndroidManifest.xml:36:9-51
application
ADDED from src/main/AndroidManifest.xml:47:5-108:19
MERGED from [:location] AndroidManifest.xml:32:5-38:19
MERGED from [:location] AndroidManifest.xml:32:5-38:19
MERGED from [com.github.hss01248:NotifyUtil:1.0.1] AndroidManifest.xml:11:5-15:19
MERGED from [com.github.hss01248:NotifyUtil:1.0.1] AndroidManifest.xml:11:5-15:19
MERGED from [:wxchat] AndroidManifest.xml:13:5-40:19
MERGED from [:wxchat] AndroidManifest.xml:13:5-40:19
MERGED from [com.sdsmdg.tastytoast:tastytoast:0.1.1] AndroidManifest.xml:11:5-12:19
MERGED from [com.sdsmdg.tastytoast:tastytoast:0.1.1] AndroidManifest.xml:11:5-12:19
MERGED from [:phone] AndroidManifest.xml:21:5-23:19
MERGED from [:phone] AndroidManifest.xml:21:5-23:19
MERGED from [:camera] AndroidManifest.xml:23:5-44:19
MERGED from [:camera] AndroidManifest.xml:23:5-44:19
MERGED from [com.android.support:design:26.1.0] AndroidManifest.xml:25:5-29:19
MERGED from [com.android.support:design:26.1.0] AndroidManifest.xml:25:5-29:19
MERGED from [com.android.support:appcompat-v7:26.1.0] AndroidManifest.xml:25:5-29:19
MERGED from [com.android.support:appcompat-v7:26.1.0] AndroidManifest.xml:25:5-29:19
MERGED from [com.android.support.constraint:constraint-layout:1.0.2] AndroidManifest.xml:9:5-20
MERGED from [com.android.support.constraint:constraint-layout:1.0.2] AndroidManifest.xml:9:5-20
MERGED from [com.android.support:recyclerview-v7:26.1.0] AndroidManifest.xml:22:5-26:19
MERGED from [com.android.support:recyclerview-v7:26.1.0] AndroidManifest.xml:22:5-26:19
MERGED from [:bugly_crashreport_upgrade-1.3.4:] AndroidManifest.xml:19:5-205:19
MERGED from [:bugly_crashreport_upgrade-1.3.4:] AndroidManifest.xml:19:5-205:19
MERGED from [:LibMarsdaemon:] AndroidManifest.xml:11:5-15:19
MERGED from [:LibMarsdaemon:] AndroidManifest.xml:11:5-15:19
MERGED from [com.snappydb:snappydb-lib:0.5.2] AndroidManifest.xml:11:5-20
MERGED from [com.snappydb:snappydb-lib:0.5.2] AndroidManifest.xml:11:5-20
MERGED from [com.android.support:transition:26.1.0] AndroidManifest.xml:22:5-26:19
MERGED from [com.android.support:transition:26.1.0] AndroidManifest.xml:22:5-26:19
MERGED from [com.android.support:support-v4:26.1.0] AndroidManifest.xml:25:5-29:19
MERGED from [com.android.support:support-v4:26.1.0] AndroidManifest.xml:25:5-29:19
MERGED from [android.arch.lifecycle:extensions:1.0.0] AndroidManifest.xml:24:5-30:19
MERGED from [android.arch.lifecycle:extensions:1.0.0] AndroidManifest.xml:24:5-30:19
MERGED from [com.android.support:support-fragment:26.1.0] AndroidManifest.xml:25:5-29:19
MERGED from [com.android.support:support-fragment:26.1.0] AndroidManifest.xml:25:5-29:19
MERGED from [com.android.support:animated-vector-drawable:26.1.0] AndroidManifest.xml:22:5-26:19
MERGED from [com.android.support:animated-vector-drawable:26.1.0] AndroidManifest.xml:22:5-26:19
MERGED from [com.android.support:support-core-ui:26.1.0] AndroidManifest.xml:25:5-29:19
MERGED from [com.android.support:support-core-ui:26.1.0] AndroidManifest.xml:25:5-29:19
MERGED from [com.android.support:support-media-compat:26.1.0] AndroidManifest.xml:25:5-29:19
MERGED from [com.android.support:support-media-compat:26.1.0] AndroidManifest.xml:25:5-29:19
MERGED from [com.android.support:support-core-utils:26.1.0] AndroidManifest.xml:25:5-29:19
MERGED from [com.android.support:support-core-utils:26.1.0] AndroidManifest.xml:25:5-29:19
MERGED from [com.android.support:support-vector-drawable:26.1.0] AndroidManifest.xml:22:5-26:19
MERGED from [com.android.support:support-vector-drawable:26.1.0] AndroidManifest.xml:22:5-26:19
MERGED from [com.android.support:support-compat:26.1.0] AndroidManifest.xml:25:5-29:19
MERGED from [com.android.support:support-compat:26.1.0] AndroidManifest.xml:25:5-29:19
	android:supportsRtl
		ADDED from src/main/AndroidManifest.xml:53:9-35
	android:label
		ADDED from src/main/AndroidManifest.xml:51:9-41
	android:roundIcon
		ADDED from src/main/AndroidManifest.xml:52:9-54
	android:icon
		ADDED from src/main/AndroidManifest.xml:50:9-43
	android:allowBackup
		ADDED from src/main/AndroidManifest.xml:49:9-35
	android:theme
		ADDED from src/main/AndroidManifest.xml:54:9-40
		REJECTED from [:wxchat] AndroidManifest.xml:19:9-40
		REJECTED from [:camera] AndroidManifest.xml:29:9-40
	tools:replace
		ADDED from src/main/AndroidManifest.xml:55:9-38
	android:name
		ADDED from src/main/AndroidManifest.xml:48:9-28
activity#com.ctyon.socketclient.app.activity.MainActivity
ADDED from src/main/AndroidManifest.xml:56:9-67:20
	android:name
		ADDED from src/main/AndroidManifest.xml:56:19-60
intent-filter#android.intent.action.MAIN+android.intent.category.LAUNCHER
ADDED from src/main/AndroidManifest.xml:57:13-66:29
action#android.intent.action.MAIN
ADDED from src/main/AndroidManifest.xml:58:17-69
	android:name
		ADDED from src/main/AndroidManifest.xml:58:25-66
category#android.intent.category.LAUNCHER
ADDED from src/main/AndroidManifest.xml:65:17-77
	android:name
		ADDED from src/main/AndroidManifest.xml:65:27-74
activity#com.ctyon.socketclient.app.activity.NewMessageTipActivity
ADDED from src/main/AndroidManifest.xml:69:9-74:20
	android:launchMode
		ADDED from src/main/AndroidManifest.xml:69:132-162
	android:configChanges
		ADDED from src/main/AndroidManifest.xml:69:70-131
	android:name
		ADDED from src/main/AndroidManifest.xml:69:19-69
intent-filter#android.intent.category.DEFAULT+com.ctyon.shawn.MESSAGE_TIP
ADDED from src/main/AndroidManifest.xml:70:13-73:29
action#com.ctyon.shawn.MESSAGE_TIP
ADDED from src/main/AndroidManifest.xml:71:17-70
	android:name
		ADDED from src/main/AndroidManifest.xml:71:25-67
category#android.intent.category.DEFAULT
ADDED from src/main/AndroidManifest.xml:72:17-76
	android:name
		ADDED from src/main/AndroidManifest.xml:72:27-73
activity#com.tencent.bugly.beta.ui.BetaActivity
ADDED from src/main/AndroidManifest.xml:76:9-79:64
MERGED from [:bugly_crashreport_upgrade-1.3.4:] AndroidManifest.xml:22:9-26:56
MERGED from [:bugly_crashreport_upgrade-1.3.4:] AndroidManifest.xml:22:9-26:56
	android:configChanges
		ADDED from src/main/AndroidManifest.xml:78:13-81
	android:theme
		ADDED from src/main/AndroidManifest.xml:79:13-61
	tools:replace
		ADDED from [:bugly_crashreport_upgrade-1.3.4:] AndroidManifest.xml:26:13-53
	android:name
		ADDED from src/main/AndroidManifest.xml:77:13-66
receiver#com.ctyon.socketclient.app.receive.BootBroadcastReceiver
ADDED from src/main/AndroidManifest.xml:81:9-92:20
	android:enabled
		ADDED from src/main/AndroidManifest.xml:83:13-35
	android:exported
		ADDED from src/main/AndroidManifest.xml:84:13-36
	android:name
		ADDED from src/main/AndroidManifest.xml:82:13-62
intent-filter#android.intent.action.BOOT_COMPLETED+android.intent.category.HOME+android.net.conn.CONNECTIVITY_CHANGE
ADDED from src/main/AndroidManifest.xml:85:13-91:29
	android:priority
		ADDED from src/main/AndroidManifest.xml:86:17-40
action#android.intent.action.BOOT_COMPLETED
ADDED from src/main/AndroidManifest.xml:87:17-79
	android:name
		ADDED from src/main/AndroidManifest.xml:87:25-76
action#android.net.conn.CONNECTIVITY_CHANGE
ADDED from src/main/AndroidManifest.xml:88:17-79
	android:name
		ADDED from src/main/AndroidManifest.xml:88:25-76
category#android.intent.category.HOME
ADDED from src/main/AndroidManifest.xml:90:17-72
	android:name
		ADDED from src/main/AndroidManifest.xml:90:27-70
service#com.ctyon.socketclient.app.server.SocketService
ADDED from src/main/AndroidManifest.xml:95:9-98:39
	android:enabled
		ADDED from src/main/AndroidManifest.xml:97:13-35
	android:exported
		ADDED from src/main/AndroidManifest.xml:98:13-36
	android:name
		ADDED from src/main/AndroidManifest.xml:96:13-53
service#com.ctyon.socketclient.app.server.SocketServiceB
ADDED from src/main/AndroidManifest.xml:99:9-102:39
	android:enabled
		ADDED from src/main/AndroidManifest.xml:101:13-35
	android:exported
		ADDED from src/main/AndroidManifest.xml:102:13-36
	android:name
		ADDED from src/main/AndroidManifest.xml:100:13-54
receiver#com.ctyon.socketclient.app.receive.SocketReceiverB
ADDED from src/main/AndroidManifest.xml:104:9-107:48
	android:enabled
		ADDED from src/main/AndroidManifest.xml:106:13-35
	android:exported
		ADDED from src/main/AndroidManifest.xml:107:13-36
	android:name
		ADDED from src/main/AndroidManifest.xml:105:13-56
uses-sdk
INJECTED from src/main/AndroidManifest.xml reason: use-sdk injection requested
INJECTED from src/main/AndroidManifest.xml
INJECTED from src/main/AndroidManifest.xml
MERGED from [:location] AndroidManifest.xml:7:5-9:41
MERGED from [:location] AndroidManifest.xml:7:5-9:41
MERGED from [com.github.hss01248:NotifyUtil:1.0.1] AndroidManifest.xml:7:5-9:41
MERGED from [com.github.hss01248:NotifyUtil:1.0.1] AndroidManifest.xml:7:5-9:41
MERGED from [:wxchat] AndroidManifest.xml:7:5-9:41
MERGED from [:wxchat] AndroidManifest.xml:7:5-9:41
MERGED from [:common] AndroidManifest.xml:7:5-9:41
MERGED from [:common] AndroidManifest.xml:7:5-9:41
MERGED from [com.sdsmdg.tastytoast:tastytoast:0.1.1] AndroidManifest.xml:7:5-9:41
MERGED from [com.sdsmdg.tastytoast:tastytoast:0.1.1] AndroidManifest.xml:7:5-9:41
MERGED from [:socket] AndroidManifest.xml:4:5-6:41
MERGED from [:socket] AndroidManifest.xml:4:5-6:41
MERGED from [:voice] AndroidManifest.xml:7:5-9:41
MERGED from [:voice] AndroidManifest.xml:7:5-9:41
MERGED from [:phone] AndroidManifest.xml:7:5-9:41
MERGED from [:phone] AndroidManifest.xml:7:5-9:41
MERGED from [:camera] AndroidManifest.xml:8:5-10:41
MERGED from [:camera] AndroidManifest.xml:8:5-10:41
MERGED from [:global] AndroidManifest.xml:7:5-9:41
MERGED from [:global] AndroidManifest.xml:7:5-9:41
MERGED from [com.android.support:design:26.1.0] AndroidManifest.xml:21:5-23:62
MERGED from [com.android.support:design:26.1.0] AndroidManifest.xml:21:5-23:62
MERGED from [com.android.support:appcompat-v7:26.1.0] AndroidManifest.xml:21:5-23:78
MERGED from [com.android.support:appcompat-v7:26.1.0] AndroidManifest.xml:21:5-23:78
MERGED from [com.android.support.constraint:constraint-layout:1.0.2] AndroidManifest.xml:5:5-7:41
MERGED from [com.android.support.constraint:constraint-layout:1.0.2] AndroidManifest.xml:5:5-7:41
MERGED from [com.android.support:recyclerview-v7:26.1.0] AndroidManifest.xml:20:5-44
MERGED from [com.android.support:recyclerview-v7:26.1.0] AndroidManifest.xml:20:5-44
MERGED from [com.jakewharton:butterknife:8.8.1] AndroidManifest.xml:5:5-43
MERGED from [com.jakewharton:butterknife:8.8.1] AndroidManifest.xml:5:5-43
MERGED from [:bugly_crashreport_upgrade-1.3.4:] AndroidManifest.xml:6:5-8:41
MERGED from [:bugly_crashreport_upgrade-1.3.4:] AndroidManifest.xml:6:5-8:41
MERGED from [:LibMarsdaemon:] AndroidManifest.xml:7:5-9:41
MERGED from [:LibMarsdaemon:] AndroidManifest.xml:7:5-9:41
MERGED from [io.reactivex.rxjava2:rxandroid:2.0.2] AndroidManifest.xml:19:5-43
MERGED from [io.reactivex.rxjava2:rxandroid:2.0.2] AndroidManifest.xml:19:5-43
MERGED from [android.arch.persistence.room:rxjava2:1.0.0] AndroidManifest.xml:20:5-22:41
MERGED from [android.arch.persistence.room:rxjava2:1.0.0] AndroidManifest.xml:20:5-22:41
MERGED from [com.snappydb:snappydb-lib:0.5.2] AndroidManifest.xml:7:5-9:41
MERGED from [com.snappydb:snappydb-lib:0.5.2] AndroidManifest.xml:7:5-9:41
MERGED from [com.android.support:transition:26.1.0] AndroidManifest.xml:20:5-44
MERGED from [com.android.support:transition:26.1.0] AndroidManifest.xml:20:5-44
MERGED from [com.android.support:support-v4:26.1.0] AndroidManifest.xml:21:5-23:54
MERGED from [com.android.support:support-v4:26.1.0] AndroidManifest.xml:21:5-23:54
MERGED from [android.arch.lifecycle:extensions:1.0.0] AndroidManifest.xml:20:5-22:41
MERGED from [android.arch.lifecycle:extensions:1.0.0] AndroidManifest.xml:20:5-22:41
MERGED from [com.android.support:support-fragment:26.1.0] AndroidManifest.xml:21:5-23:60
MERGED from [com.android.support:support-fragment:26.1.0] AndroidManifest.xml:21:5-23:60
MERGED from [com.android.support:animated-vector-drawable:26.1.0] AndroidManifest.xml:20:5-44
MERGED from [com.android.support:animated-vector-drawable:26.1.0] AndroidManifest.xml:20:5-44
MERGED from [com.android.support:support-core-ui:26.1.0] AndroidManifest.xml:21:5-23:58
MERGED from [com.android.support:support-core-ui:26.1.0] AndroidManifest.xml:21:5-23:58
MERGED from [com.android.support:support-media-compat:26.1.0] AndroidManifest.xml:21:5-23:63
MERGED from [com.android.support:support-media-compat:26.1.0] AndroidManifest.xml:21:5-23:63
MERGED from [android.arch.persistence.room:runtime:1.0.0] AndroidManifest.xml:20:5-22:41
MERGED from [android.arch.persistence.room:runtime:1.0.0] AndroidManifest.xml:20:5-22:41
MERGED from [com.android.support:support-core-utils:26.1.0] AndroidManifest.xml:21:5-23:61
MERGED from [com.android.support:support-core-utils:26.1.0] AndroidManifest.xml:21:5-23:61
MERGED from [android.arch.persistence:db-framework:1.0.0] AndroidManifest.xml:20:5-22:41
MERGED from [android.arch.persistence:db-framework:1.0.0] AndroidManifest.xml:20:5-22:41
MERGED from [android.arch.persistence:db:1.0.0] AndroidManifest.xml:20:5-22:41
MERGED from [android.arch.persistence:db:1.0.0] AndroidManifest.xml:20:5-22:41
MERGED from [android.arch.core:runtime:1.0.0] AndroidManifest.xml:20:5-22:41
MERGED from [android.arch.core:runtime:1.0.0] AndroidManifest.xml:20:5-22:41
MERGED from [com.android.support:support-vector-drawable:26.1.0] AndroidManifest.xml:20:5-44
MERGED from [com.android.support:support-vector-drawable:26.1.0] AndroidManifest.xml:20:5-44
MERGED from [com.android.support:support-compat:26.1.0] AndroidManifest.xml:21:5-23:58
MERGED from [com.android.support:support-compat:26.1.0] AndroidManifest.xml:21:5-23:58
MERGED from [android.arch.lifecycle:runtime:1.0.3] AndroidManifest.xml:20:5-22:41
MERGED from [android.arch.lifecycle:runtime:1.0.3] AndroidManifest.xml:20:5-22:41
MERGED from [com.lzy.net:okserver:2.0.5] AndroidManifest.xml:23:5-25:41
MERGED from [com.lzy.net:okserver:2.0.5] AndroidManifest.xml:23:5-25:41
MERGED from [com.lzy.net:okgo:3.0.4] AndroidManifest.xml:22:5-24:41
MERGED from [com.lzy.net:okgo:3.0.4] AndroidManifest.xml:22:5-24:41
INJECTED from src/main/AndroidManifest.xml
INJECTED from src/main/AndroidManifest.xml
	tools:overrideLibrary
		ADDED from [com.android.support:design:26.1.0] AndroidManifest.xml:23:9-59
	android:targetSdkVersion
		INJECTED from src/main/AndroidManifest.xml
		ADDED from src/main/AndroidManifest.xml
		INJECTED from src/main/AndroidManifest.xml
	android:minSdkVersion
		INJECTED from src/main/AndroidManifest.xml
		ADDED from src/main/AndroidManifest.xml
		INJECTED from src/main/AndroidManifest.xml
uses-permission#android.permission.ACCESS_LOCATION_EXTRA_COMMANDS
ADDED from [:location] AndroidManifest.xml:27:5-89
	android:name
		ADDED from [:location] AndroidManifest.xml:27:22-86
uses-permission#android.permission.BLUETOOTH
ADDED from [:location] AndroidManifest.xml:29:5-68
	android:name
		ADDED from [:location] AndroidManifest.xml:29:22-65
uses-permission#android.permission.BLUETOOTH_ADMIN
ADDED from [:location] AndroidManifest.xml:30:5-74
	android:name
		ADDED from [:location] AndroidManifest.xml:30:22-71
meta-data#com.amap.api.v2.apikey
ADDED from [:location] AndroidManifest.xml:33:9-35:64
	android:value
		ADDED from [:location] AndroidManifest.xml:35:13-61
	android:name
		ADDED from [:location] AndroidManifest.xml:34:13-50
service#com.amap.api.location.APSService
ADDED from [:location] AndroidManifest.xml:37:9-68
	android:name
		ADDED from [:location] AndroidManifest.xml:37:18-65
activity#me.example.wxchat.app.WxchatActivity
ADDED from [:wxchat] AndroidManifest.xml:20:9-39:20
	android:launchMode
		ADDED from [:wxchat] AndroidManifest.xml:22:13-48
	android:theme
		ADDED from [:wxchat] AndroidManifest.xml:23:13-69
	android:name
		ADDED from [:wxchat] AndroidManifest.xml:21:13-64
intent-filter#android.intent.action.CTYON_WXCHAT+android.intent.action.MAIN+android.intent.category.DEFAULT
ADDED from [:wxchat] AndroidManifest.xml:24:13-38:29
action#android.intent.action.CTYON_WXCHAT
ADDED from [:wxchat] AndroidManifest.xml:34:17-77
	android:name
		ADDED from [:wxchat] AndroidManifest.xml:34:25-74
uses-permission#android.permission.SEND_SMS
ADDED from [:phone] AndroidManifest.xml:13:5-67
	android:name
		ADDED from [:phone] AndroidManifest.xml:13:22-64
uses-permission#android.permission.CALL_PHONE
ADDED from [:phone] AndroidManifest.xml:16:5-69
	android:name
		ADDED from [:phone] AndroidManifest.xml:16:22-66
uses-permission#android.permission.READ_CALENDAR
ADDED from [:phone] AndroidManifest.xml:17:5-72
	android:name
		ADDED from [:phone] AndroidManifest.xml:17:22-69
uses-permission#android.permission.WRITE_CALENDAR
ADDED from [:phone] AndroidManifest.xml:18:5-73
	android:name
		ADDED from [:phone] AndroidManifest.xml:18:22-70
activity#com.xmaihh.phone.app.activity.MainActivity
ADDED from [:phone] AndroidManifest.xml:22:9-79
	android:name
		ADDED from [:phone] AndroidManifest.xml:22:19-76
uses-permission#android.permission.CAMERA
ADDED from [:camera] AndroidManifest.xml:12:5-65
	android:name
		ADDED from [:camera] AndroidManifest.xml:12:22-62
uses-feature#android.hardware.camera
ADDED from [:camera] AndroidManifest.xml:15:5-60
	android:name
		ADDED from [:camera] AndroidManifest.xml:15:19-57
uses-feature#android.hardware.camera.autofocus
ADDED from [:camera] AndroidManifest.xml:16:5-18:36
	android:required
		ADDED from [:camera] AndroidManifest.xml:18:9-33
	android:name
		ADDED from [:camera] AndroidManifest.xml:17:9-57
activity#com.example.camera.CameraActivity
ADDED from [:camera] AndroidManifest.xml:30:9-43:20
	android:theme
		ADDED from [:camera] AndroidManifest.xml:32:13-52
	android:name
		ADDED from [:camera] AndroidManifest.xml:31:13-61
meta-data#android.support.VERSION